app/build/outputs/logs/manifest-merger-debug-report.txt
-- Merging decision tree log ---
manifest
ADDED from src/main/AndroidManifest.xml:2:1-42:12
	package
		ADDED from src/main/AndroidManifest.xml:3:5-49
		INJECTED from src/main/AndroidManifest.xml
		INJECTED from src/main/AndroidManifest.xml
	android:versionName
		INJECTED from src/main/AndroidManifest.xml
		INJECTED from src/main/AndroidManifest.xml
	xmlns:android
		ADDED from src/main/AndroidManifest.xml:2:11-69
	android:versionCode
		INJECTED from src/main/AndroidManifest.xml
		INJECTED from src/main/AndroidManifest.xml
uses-permission#android.permission.READ_PHONE_STATE
ADDED from src/main/AndroidManifest.xml:5:5-75
	android:name
		ADDED from src/main/AndroidManifest.xml:5:22-72
uses-permission#android.permission.CALL_PHONE
ADDED from src/main/AndroidManifest.xml:6:5-69
	android:name
		ADDED from src/main/AndroidManifest.xml:6:22-66
uses-permission#android.permission.ACCESS_COARSE_LOCATION
ADDED from src/main/AndroidManifest.xml:7:5-81
	android:name
		ADDED from src/main/AndroidManifest.xml:7:22-78
uses-permission#android.permission.ACCESS_NETWORK_STATE
ADDED from src/main/AndroidManifest.xml:8:5-79
MERGED from [com.google.android.gms:play-services-analytics:8.3.0] AndroidManifest.xml:22:5-79
MERGED from [com.google.android.gms:play-services-measurement:8.3.0] AndroidManifest.xml:22:5-79
MERGED from [com.google.android.gms:play-services-maps:8.3.0] AndroidManifest.xml:20:5-78
MERGED from [com.google.android.gms:play-services-maps:8.3.0] AndroidManifest.xml:20:5-78
	android:name
		ADDED from src/main/AndroidManifest.xml:8:22-76
uses-permission#android.permission.WRITE_EXTERNAL_STORAGE
ADDED from src/main/AndroidManifest.xml:9:5-81
	android:name
		ADDED from src/main/AndroidManifest.xml:9:22-78
uses-permission#android.permission.READ_EXTERNAL_STORAGE
ADDED from src/main/AndroidManifest.xml:10:5-80
	android:name
		ADDED from src/main/AndroidManifest.xml:10:22-77
uses-permission#android.permission.INTERNET
ADDED from src/main/AndroidManifest.xml:11:5-67
MERGED from [com.google.android.gms:play-services-analytics:8.3.0] AndroidManifest.xml:21:5-67
MERGED from [com.google.android.gms:play-services-gcm:8.3.0] AndroidManifest.xml:22:5-67
MERGED from [com.google.android.gms:play-services-measurement:8.3.0] AndroidManifest.xml:21:5-67
MERGED from [com.google.android.gms:play-services-maps:8.3.0] AndroidManifest.xml:21:5-66
MERGED from [com.google.android.gms:play-services-maps:8.3.0] AndroidManifest.xml:21:5-66
	android:name
		ADDED from src/main/AndroidManifest.xml:11:22-64
uses-permission#android.permission.ACCESS_FINE_LOCATION
ADDED from src/main/AndroidManifest.xml:19:5-79
	android:name
		ADDED from src/main/AndroidManifest.xml:19:22-76
application
ADDED from src/main/AndroidManifest.xml:21:5-40:19
MERGED from [com.android.support:appcompat-v7:23.1.1] AndroidManifest.xml:22:5-20
MERGED from [com.android.support:support-v4:23.1.1] AndroidManifest.xml:22:5-20
MERGED from [com.android.support:design:23.1.1] AndroidManifest.xml:22:5-20
MERGED from [com.android.support:appcompat-v7:23.1.1] AndroidManifest.xml:22:5-20
MERGED from [com.android.support:support-v4:23.1.1] AndroidManifest.xml:22:5-20
MERGED from [com.android.support:support-v4:23.1.1] AndroidManifest.xml:22:5-20
MERGED from [com.android.support:support-v4:23.1.1] AndroidManifest.xml:22:5-20
MERGED from [com.android.support:support-v4:23.1.1] AndroidManifest.xml:22:5-20
MERGED from [com.facebook.android:facebook-android-sdk:4.1.2] AndroidManifest.xml:28:5-20
MERGED from [com.android.support:support-v4:23.1.1] AndroidManifest.xml:22:5-20
MERGED from [com.google.android.gms:play-services-analytics:8.3.0] AndroidManifest.xml:24:5-20
MERGED from [com.google.android.gms:play-services-basement:8.3.0] AndroidManifest.xml:20:5-24:19
MERGED from [com.android.support:support-v4:23.1.1] AndroidManifest.xml:22:5-20
MERGED from [com.google.android.gms:play-services-gcm:8.3.0] AndroidManifest.xml:24:5-20
MERGED from [com.google.android.gms:play-services-basement:8.3.0] AndroidManifest.xml:20:5-24:19
MERGED from [com.android.support:support-v4:23.1.1] AndroidManifest.xml:22:5-20
MERGED from [com.google.android.gms:play-services-measurement:8.3.0] AndroidManifest.xml:26:5-46:19
MERGED from [com.google.android.gms:play-services-basement:8.3.0] AndroidManifest.xml:20:5-24:19
MERGED from [com.android.support:support-v4:23.1.1] AndroidManifest.xml:22:5-20
MERGED from [com.google.android.gms:play-services-maps:8.3.0] AndroidManifest.xml:27:5-20
MERGED from [com.google.android.gms:play-services-basement:8.3.0] AndroidManifest.xml:20:5-24:19
MERGED from [com.android.support:support-v4:23.1.1] AndroidManifest.xml:22:5-20
MERGED from [com.google.android.gms:play-services-location:8.3.0] AndroidManifest.xml:19:5-20
MERGED from [com.google.android.gms:play-services-basement:8.3.0] AndroidManifest.xml:20:5-24:19
MERGED from [com.android.support:support-v4:23.1.1] AndroidManifest.xml:22:5-20
MERGED from [com.google.android.gms:play-services-maps:8.3.0] AndroidManifest.xml:27:5-20
MERGED from [com.google.android.gms:play-services-basement:8.3.0] AndroidManifest.xml:20:5-24:19
MERGED from [com.android.support:support-v4:23.1.1] AndroidManifest.xml:22:5-20
	android:label
		ADDED from src/main/AndroidManifest.xml:25:9-41
	android:supportsRtl
		ADDED from src/main/AndroidManifest.xml:26:9-35
	android:allowBackup
		ADDED from src/main/AndroidManifest.xml:23:9-35
	android:icon
		ADDED from src/main/AndroidManifest.xml:24:9-43
	android:theme
		ADDED from src/main/AndroidManifest.xml:27:9-40
	android:name
		ADDED from src/main/AndroidManifest.xml:22:9-35
activity#com.brain_socket.thagheralrafedain.MainActivity
ADDED from src/main/AndroidManifest.xml:28:9-35:20
	android:theme
		ADDED from src/main/AndroidManifest.xml:29:13-55
	android:name
		ADDED from src/main/AndroidManifest.xml:28:19-47
intent-filter#android.intent.action.MAIN+android.intent.category.LAUNCHER
ADDED from src/main/AndroidManifest.xml:30:13-34:29
action#android.intent.action.MAIN
ADDED from src/main/AndroidManifest.xml:31:17-69
	android:name
		ADDED from src/main/AndroidManifest.xml:31:25-66
category#android.intent.category.LAUNCHER
ADDED from src/main/AndroidManifest.xml:33:17-77
	android:name
		ADDED from src/main/AndroidManifest.xml:33:27-74
activity#com.brain_socket.thagheralrafedain.LoginActivity
ADDED from src/main/AndroidManifest.xml:36:9-37:57
	android:theme
		ADDED from src/main/AndroidManifest.xml:37:13-55
	android:name
		ADDED from src/main/AndroidManifest.xml:36:19-48
activity#com.brain_socket.thagheralrafedain.ProductDetailsActivity
ADDED from src/main/AndroidManifest.xml:38:9-39:67
	android:theme
		ADDED from src/main/AndroidManifest.xml:39:13-55
	android:name
		ADDED from src/main/AndroidManifest.xml:38:19-57
uses-sdk
INJECTED from src/main/AndroidManifest.xml reason: use-sdk injection requested
MERGED from [com.android.support:appcompat-v7:23.1.1] AndroidManifest.xml:20:5-43
MERGED from [com.android.support:support-v4:23.1.1] AndroidManifest.xml:20:5-43
MERGED from [com.android.support:design:23.1.1] AndroidManifest.xml:20:5-43
MERGED from [com.android.support:appcompat-v7:23.1.1] AndroidManifest.xml:20:5-43
MERGED from [com.android.support:support-v4:23.1.1] AndroidManifest.xml:20:5-43
MERGED from [com.android.support:recyclerview-v7:23.1.1] AndroidManifest.xml:20:5-43
MERGED from [com.android.support:support-v4:23.1.1] AndroidManifest.xml:20:5-43
MERGED from [com.android.support:support-v4:23.1.1] AndroidManifest.xml:20:5-43
MERGED from [com.android.support:recyclerview-v7:23.1.1] AndroidManifest.xml:20:5-43
MERGED from [com.android.support:support-v4:23.1.1] AndroidManifest.xml:20:5-43
MERGED from [com.facebook.android:facebook-android-sdk:4.1.2] AndroidManifest.xml:24:5-26:41
MERGED from [com.android.support:support-v4:23.1.1] AndroidManifest.xml:20:5-43
MERGED from [com.google.android.gms:play-services-analytics:8.3.0] AndroidManifest.xml:18:5-42
MERGED from [com.google.android.gms:play-services-basement:8.3.0] AndroidManifest.xml:18:5-42
MERGED from [com.android.support:support-v4:23.1.1] AndroidManifest.xml:20:5-43
MERGED from [com.google.android.gms:play-services-gcm:8.3.0] AndroidManifest.xml:18:5-42
MERGED from [com.google.android.gms:play-services-base:8.3.0] AndroidManifest.xml:18:5-42
MERGED from [com.google.android.gms:play-services-basement:8.3.0] AndroidManifest.xml:18:5-42
MERGED from [com.android.support:support-v4:23.1.1] AndroidManifest.xml:20:5-43
MERGED from [com.google.android.gms:play-services-measurement:8.3.0] AndroidManifest.xml:18:5-42
MERGED from [com.google.android.gms:play-services-basement:8.3.0] AndroidManifest.xml:18:5-42
MERGED from [com.android.support:support-v4:23.1.1] AndroidManifest.xml:20:5-43
MERGED from [com.google.android.gms:play-services-maps:8.3.0] AndroidManifest.xml:26:5-42
MERGED from [com.google.android.gms:play-services-base:8.3.0] AndroidManifest.xml:18:5-42
MERGED from [com.google.android.gms:play-services-basement:8.3.0] AndroidManifest.xml:18:5-42
MERGED from [com.android.support:support-v4:23.1.1] AndroidManifest.xml:20:5-43
MERGED from [com.google.android.gms:play-services-location:8.3.0] AndroidManifest.xml:18:5-42
MERGED from [com.google.android.gms:play-services-base:8.3.0] AndroidManifest.xml:18:5-42
MERGED from [com.google.android.gms:play-services-basement:8.3.0] AndroidManifest.xml:18:5-42
MERGED from [com.android.support:support-v4:23.1.1] AndroidManifest.xml:20:5-43
MERGED from [com.google.android.gms:play-services-maps:8.3.0] AndroidManifest.xml:26:5-42
MERGED from [com.google.android.gms:play-services-base:8.3.0] AndroidManifest.xml:18:5-42
MERGED from [com.google.android.gms:play-services-basement:8.3.0] AndroidManifest.xml:18:5-42
MERGED from [com.android.support:support-v4:23.1.1] AndroidManifest.xml:20:5-43
	android:targetSdkVersion
		INJECTED from src/main/AndroidManifest.xml
		INJECTED from src/main/AndroidManifest.xml
	android:minSdkVersion
		INJECTED from src/main/AndroidManifest.xml
		INJECTED from src/main/AndroidManifest.xml
meta-data#com.google.android.gms.version
ADDED from [com.google.android.gms:play-services-basement:8.3.0] AndroidManifest.xml:21:9-23:69
MERGED from [com.google.android.gms:play-services-basement:8.3.0] AndroidManifest.xml:21:9-23:69
MERGED from [com.google.android.gms:play-services-basement:8.3.0] AndroidManifest.xml:21:9-23:69
MERGED from [com.google.android.gms:play-services-basement:8.3.0] AndroidManifest.xml:21:9-23:69
MERGED from [com.google.android.gms:play-services-basement:8.3.0] AndroidManifest.xml:21:9-23:69
MERGED from [com.google.android.gms:play-services-basement:8.3.0] AndroidManifest.xml:21:9-23:69
	android:value
		ADDED from [com.google.android.gms:play-services-basement:8.3.0] AndroidManifest.xml:23:13-66
	android:name
		ADDED from [com.google.android.gms:play-services-basement:8.3.0] AndroidManifest.xml:22:13-58
uses-permission#com.google.android.c2dm.permission.RECEIVE
ADDED from [com.google.android.gms:play-services-gcm:8.3.0] AndroidManifest.xml:21:5-82
	android:name
		ADDED from [com.google.android.gms:play-services-gcm:8.3.0] AndroidManifest.xml:21:22-79
uses-permission#android.permission.WAKE_LOCK
ADDED from [com.google.android.gms:play-services-measurement:8.3.0] AndroidManifest.xml:24:5-67
	android:name
		ADDED from [com.google.android.gms:play-services-measurement:8.3.0] AndroidManifest.xml:24:22-65
provider#com.google.android.gms.measurement.AppMeasurementContentProvider
ADDED from [com.google.android.gms:play-services-measurement:8.3.0] AndroidManifest.xml:28:7-31:37
	android:authorities
		ADDED from [com.google.android.gms:play-services-measurement:8.3.0] AndroidManifest.xml:29:11-76
	android:exported
		ADDED from [com.google.android.gms:play-services-measurement:8.3.0] AndroidManifest.xml:31:11-35
	android:name
		ADDED from [com.google.android.gms:play-services-measurement:8.3.0] AndroidManifest.xml:30:11-90
receiver#com.google.android.gms.measurement.AppMeasurementReceiver
ADDED from [com.google.android.gms:play-services-measurement:8.3.0] AndroidManifest.xml:33:7-39:18
	android:enabled
		ADDED from [com.google.android.gms:play-services-measurement:8.3.0] AndroidManifest.xml:35:11-33
	android:name
		ADDED from [com.google.android.gms:play-services-measurement:8.3.0] AndroidManifest.xml:34:11-83
intent-filter#com.google.android.gms.measurement.UPLOAD
ADDED from [com.google.android.gms:play-services-measurement:8.3.0] AndroidManifest.xml:36:9-38:25
action#com.google.android.gms.measurement.UPLOAD
ADDED from [com.google.android.gms:play-services-measurement:8.3.0] AndroidManifest.xml:37:11-77
	android:name
		ADDED from [com.google.android.gms:play-services-measurement:8.3.0] AndroidManifest.xml:37:19-75
service#com.google.android.gms.measurement.AppMeasurementService
ADDED from [com.google.android.gms:play-services-measurement:8.3.0] AndroidManifest.xml:41:7-44:37
	android:enabled
		ADDED from [com.google.android.gms:play-services-measurement:8.3.0] AndroidManifest.xml:43:11-33
	android:exported
		ADDED from [com.google.android.gms:play-services-measurement:8.3.0] AndroidManifest.xml:44:11-35
	android:name
		ADDED from [com.google.android.gms:play-services-measurement:8.3.0] AndroidManifest.xml:42:11-82
uses-feature#0x00020000
ADDED from [com.google.android.gms:play-services-maps:8.3.0] AndroidManifest.xml:22:5-24:33
MERGED from [com.google.android.gms:play-services-maps:8.3.0] AndroidManifest.xml:22:5-24:33
	android:glEsVersion
		ADDED from [com.google.android.gms:play-services-maps:8.3.0] AndroidManifest.xml:23:8-40
	android:required
		ADDED from [com.google.android.gms:play-services-maps:8.3.0] AndroidManifest.xml:24:8-31